
  .   ____          _            __ _ _
 /\\ / ___'_ __ _ _(_)_ __  __ _ \ \ \ \
( ( )\___ | '_ | '_| | '_ \/ _` | \ \ \ \
 \\/  ___)| |_)| | | | | || (_| |  ) ) ) )
  '  |____| .__|_| |_|_| |_\__, | / / / /
 =========|_|==============|___/=/_/_/_/
 :: Spring Boot ::        (v1.5.2.RELEASE)

2017-04-18 14:19:05.283  INFO 33948 --- [           main] com.mapia.MapiaApplication               : Starting MapiaApplication on slipp.local with PID 33948 (/Users/javajigi/next-workspace/2017-workspace/2017-01-HUDI-MAC-CHAR/WEB-MAC-CHAR/build/libs/mafia-0.0.1.jar started by javajigi in /Users/javajigi/next-workspace/2017-workspace/2017-01-HUDI-MAC-CHAR/WEB-MAC-CHAR)
2017-04-18 14:19:05.288  INFO 33948 --- [           main] com.mapia.MapiaApplication               : The following profiles are active: dev
2017-04-18 14:19:05.368  INFO 33948 --- [           main] ationConfigEmbeddedWebApplicationContext : Refreshing org.springframework.boot.context.embedded.AnnotationConfigEmbeddedWebApplicationContext@573fd745: startup date [Tue Apr 18 14:19:05 KST 2017]; root of context hierarchy
2017-04-18 14:19:06.778  INFO 33948 --- [           main] trationDelegate$BeanPostProcessorChecker : Bean 'org.springframework.transaction.annotation.ProxyTransactionManagementConfiguration' of type [org.springframework.transaction.annotation.ProxyTransactionManagementConfiguration$$EnhancerBySpringCGLIB$$8be11382] is not eligible for getting processed by all BeanPostProcessors (for example: not eligible for auto-proxying)
2017-04-18 14:19:06.821  INFO 33948 --- [           main] trationDelegate$BeanPostProcessorChecker : Bean 'pl.allegro.tech.boot.autoconfigure.handlebars.HandlebarsHelpersAutoConfiguration' of type [pl.allegro.tech.boot.autoconfigure.handlebars.HandlebarsHelpersAutoConfiguration$$EnhancerBySpringCGLIB$$aaa335c] is not eligible for getting processed by all BeanPostProcessors (for example: not eligible for auto-proxying)
2017-04-18 14:19:06.884  INFO 33948 --- [           main] trationDelegate$BeanPostProcessorChecker : Bean 'handlebars.resolver-pl.allegro.tech.boot.autoconfigure.handlebars.HandlebarsValueResolversProperties' of type [pl.allegro.tech.boot.autoconfigure.handlebars.HandlebarsValueResolversProperties] is not eligible for getting processed by all BeanPostProcessors (for example: not eligible for auto-proxying)
2017-04-18 14:19:06.914  INFO 33948 --- [           main] trationDelegate$BeanPostProcessorChecker : Bean 'handlebars-pl.allegro.tech.boot.autoconfigure.handlebars.HandlebarsProperties' of type [pl.allegro.tech.boot.autoconfigure.handlebars.HandlebarsProperties] is not eligible for getting processed by all BeanPostProcessors (for example: not eligible for auto-proxying)
2017-04-18 14:19:06.915  INFO 33948 --- [           main] trationDelegate$BeanPostProcessorChecker : Bean 'pl.allegro.tech.boot.autoconfigure.handlebars.HandlebarsAutoConfiguration$HandlebarsViewResolverConfiguration' of type [pl.allegro.tech.boot.autoconfigure.handlebars.HandlebarsAutoConfiguration$HandlebarsViewResolverConfiguration$$EnhancerBySpringCGLIB$$1d915dfa] is not eligible for getting processed by all BeanPostProcessors (for example: not eligible for auto-proxying)
2017-04-18 14:19:07.009  INFO 33948 --- [           main] trationDelegate$BeanPostProcessorChecker : Bean 'handlebarsViewResolver' of type [com.github.jknack.handlebars.springmvc.HandlebarsViewResolver] is not eligible for getting processed by all BeanPostProcessors (for example: not eligible for auto-proxying)
2017-04-18 14:19:07.226  INFO 33948 --- [           main] s.b.c.e.t.TomcatEmbeddedServletContainer : Tomcat initialized with port(s): 8010 (http)
2017-04-18 14:19:07.238  INFO 33948 --- [           main] o.apache.catalina.core.StandardService   : Starting service Tomcat
2017-04-18 14:19:07.239  INFO 33948 --- [           main] org.apache.catalina.core.StandardEngine  : Starting Servlet Engine: Apache Tomcat/8.5.11
2017-04-18 14:19:07.320  INFO 33948 --- [ost-startStop-1] o.a.c.c.C.[Tomcat].[localhost].[/]       : Initializing Spring embedded WebApplicationContext
2017-04-18 14:19:07.321  INFO 33948 --- [ost-startStop-1] o.s.web.context.ContextLoader            : Root WebApplicationContext: initialization completed in 1956 ms
2017-04-18 14:19:07.445  INFO 33948 --- [ost-startStop-1] o.s.b.w.servlet.ServletRegistrationBean  : Mapping servlet: 'dispatcherServlet' to [/]
2017-04-18 14:19:07.449  INFO 33948 --- [ost-startStop-1] o.s.b.w.servlet.FilterRegistrationBean   : Mapping filter: 'characterEncodingFilter' to: [/*]
2017-04-18 14:19:07.449  INFO 33948 --- [ost-startStop-1] o.s.b.w.servlet.FilterRegistrationBean   : Mapping filter: 'hiddenHttpMethodFilter' to: [/*]
2017-04-18 14:19:07.449  INFO 33948 --- [ost-startStop-1] o.s.b.w.servlet.FilterRegistrationBean   : Mapping filter: 'httpPutFormContentFilter' to: [/*]
2017-04-18 14:19:07.449  INFO 33948 --- [ost-startStop-1] o.s.b.w.servlet.FilterRegistrationBean   : Mapping filter: 'requestContextFilter' to: [/*]
2017-04-18 14:19:07.908  INFO 33948 --- [           main] o.s.jdbc.datasource.init.ScriptUtils     : Executing SQL script from URL [jar:file:/Users/javajigi/next-workspace/2017-workspace/2017-01-HUDI-MAC-CHAR/WEB-MAC-CHAR/build/libs/mafia-0.0.1.jar!/BOOT-INF/classes!/schema.sql]
2017-04-18 14:19:08.077  INFO 33948 --- [           main] o.s.jdbc.datasource.init.ScriptUtils     : Executed SQL script from URL [jar:file:/Users/javajigi/next-workspace/2017-workspace/2017-01-HUDI-MAC-CHAR/WEB-MAC-CHAR/build/libs/mafia-0.0.1.jar!/BOOT-INF/classes!/schema.sql] in 169 ms.
2017-04-18 14:19:08.080  INFO 33948 --- [           main] o.s.jdbc.datasource.init.ScriptUtils     : Executing SQL script from URL [jar:file:/Users/javajigi/next-workspace/2017-workspace/2017-01-HUDI-MAC-CHAR/WEB-MAC-CHAR/build/libs/mafia-0.0.1.jar!/BOOT-INF/classes!/data.sql]
2017-04-18 14:19:08.083  INFO 33948 --- [           main] o.s.jdbc.datasource.init.ScriptUtils     : Executed SQL script from URL [jar:file:/Users/javajigi/next-workspace/2017-workspace/2017-01-HUDI-MAC-CHAR/WEB-MAC-CHAR/build/libs/mafia-0.0.1.jar!/BOOT-INF/classes!/data.sql] in 3 ms.
2017-04-18 14:19:08.256  INFO 33948 --- [           main] o.s.s.concurrent.ThreadPoolTaskExecutor  : Initializing ExecutorService  'clientInboundChannelExecutor'
2017-04-18 14:19:08.262  INFO 33948 --- [           main] o.s.s.concurrent.ThreadPoolTaskExecutor  : Initializing ExecutorService  'clientOutboundChannelExecutor'
2017-04-18 14:19:08.291  INFO 33948 --- [           main] o.s.s.c.ThreadPoolTaskScheduler          : Initializing ExecutorService  'messageBrokerTaskScheduler'
2017-04-18 14:19:08.345  INFO 33948 --- [           main] o.s.w.s.s.s.WebSocketHandlerMapping      : Mapped URL path [/websockethandler/**] onto handler of type [class org.springframework.web.socket.sockjs.support.SockJsHttpRequestHandler]
2017-04-18 14:19:08.355  INFO 33948 --- [           main] o.s.s.concurrent.ThreadPoolTaskExecutor  : Initializing ExecutorService  'brokerChannelExecutor'
2017-04-18 14:19:08.468  INFO 33948 --- [           main] .WebSocketAnnotationMethodMessageHandler : Mapped "{[/chat/{roomId}],messageType=[MESSAGE]}" onto public com.mapia.websocket.ClientMessage com.mapia.websocket.MessageHandler.broadcasting(com.mapia.websocket.ClientMessage) throws java.lang.Exception
2017-04-18 14:19:08.468  INFO 33948 --- [           main] .WebSocketAnnotationMethodMessageHandler : Mapped "{[/access/{roomId}],messageType=[MESSAGE]}" onto public com.mapia.websocket.ClientAccess com.mapia.websocket.MessageHandler.broadcasting(com.mapia.websocket.ClientAccess,long) throws java.lang.Exception
2017-04-18 14:19:08.468  INFO 33948 --- [           main] .WebSocketAnnotationMethodMessageHandler : Mapped "{[/ready/{roomId}],messageType=[MESSAGE]}" onto public com.mapia.websocket.ReadySignal com.mapia.websocket.MessageHandler.broadcasting(com.mapia.websocket.ReadySignal,long) throws java.lang.Exception
2017-04-18 14:19:08.556  INFO 33948 --- [           main] s.w.s.m.m.a.RequestMappingHandlerAdapter : Looking for @ControllerAdvice: org.springframework.boot.context.embedded.AnnotationConfigEmbeddedWebApplicationContext@573fd745: startup date [Tue Apr 18 14:19:05 KST 2017]; root of context hierarchy
2017-04-18 14:19:08.621  INFO 33948 --- [           main] s.w.s.m.m.a.RequestMappingHandlerMapping : Mapped "{[/api/lobby],methods=[GET]}" onto public com.mapia.api.ApiLobbyController$LobbyResult com.mapia.api.ApiLobbyController.roomList(javax.servlet.http.HttpSession)
2017-04-18 14:19:08.626  INFO 33948 --- [           main] s.w.s.m.m.a.RequestMappingHandlerMapping : Mapped "{[/api/room],methods=[DELETE]}" onto public com.mapia.result.RoomResult com.mapia.api.ApiRoomController.exit(javax.servlet.http.HttpSession)
2017-04-18 14:19:08.626  INFO 33948 --- [           main] s.w.s.m.m.a.RequestMappingHandlerMapping : Mapped "{[/api/room],methods=[POST]}" onto public com.mapia.result.RoomResult com.mapia.api.ApiRoomController.create(java.lang.String)
2017-04-18 14:19:08.626  INFO 33948 --- [           main] s.w.s.m.m.a.RequestMappingHandlerMapping : Mapped "{[/api/room/{id}],methods=[GET]}" onto public com.mapia.result.RoomResult com.mapia.api.ApiRoomController.enter(long,javax.servlet.http.HttpSession,org.springframework.ui.Model)
2017-04-18 14:19:08.627  INFO 33948 --- [           main] s.w.s.m.m.a.RequestMappingHandlerMapping : Mapped "{[/api/login],methods=[POST]}" onto public com.mapia.result.LoginResult com.mapia.api.ApiUserController.login(com.mapia.domain.User,javax.servlet.http.HttpSession)
2017-04-18 14:19:08.628  INFO 33948 --- [           main] s.w.s.m.m.a.RequestMappingHandlerMapping : Mapped "{[/api/signup],methods=[POST]}" onto public com.mapia.result.SignUpResult com.mapia.api.ApiUserController.signup(com.mapia.domain.User)
2017-04-18 14:19:08.628  INFO 33948 --- [           main] s.w.s.m.m.a.RequestMappingHandlerMapping : Mapped "{[/api/logout],methods=[GET]}" onto public java.lang.String com.mapia.api.ApiUserController.logout(javax.servlet.http.HttpSession)
2017-04-18 14:19:08.628  INFO 33948 --- [           main] s.w.s.m.m.a.RequestMappingHandlerMapping : Mapped "{[/lobby],methods=[GET]}" onto public java.lang.String com.mapia.web.LobbyController.waitingRoomPage(javax.servlet.http.HttpSession,org.springframework.ui.Model)
2017-04-18 14:19:08.629  INFO 33948 --- [           main] s.w.s.m.m.a.RequestMappingHandlerMapping : Mapped "{[/],methods=[GET]}" onto public java.lang.String com.mapia.web.MainController.mainPage()
2017-04-18 14:19:08.629  INFO 33948 --- [           main] s.w.s.m.m.a.RequestMappingHandlerMapping : Mapped "{[/login],methods=[GET]}" onto public java.lang.String com.mapia.web.MainController.loginPage(javax.servlet.http.HttpSession)
2017-04-18 14:19:08.630  INFO 33948 --- [           main] s.w.s.m.m.a.RequestMappingHandlerMapping : Mapped "{[/signup],methods=[GET]}" onto public java.lang.String com.mapia.web.MainController.signupPage()
2017-04-18 14:19:08.631  INFO 33948 --- [           main] s.w.s.m.m.a.RequestMappingHandlerMapping : Mapped "{[/room],methods=[DELETE]}" onto public java.lang.String com.mapia.web.RoomController.exit(javax.servlet.http.HttpSession)
2017-04-18 14:19:08.631  INFO 33948 --- [           main] s.w.s.m.m.a.RequestMappingHandlerMapping : Mapped "{[/room],methods=[POST]}" onto public java.lang.String com.mapia.web.RoomController.create(java.lang.String)
2017-04-18 14:19:08.631  INFO 33948 --- [           main] s.w.s.m.m.a.RequestMappingHandlerMapping : Mapped "{[/room/{id}],methods=[GET]}" onto public java.lang.String com.mapia.web.RoomController.enter(long,javax.servlet.http.HttpSession,org.springframework.ui.Model)
2017-04-18 14:19:08.633  INFO 33948 --- [           main] s.w.s.m.m.a.RequestMappingHandlerMapping : Mapped "{[/error]}" onto public org.springframework.http.ResponseEntity<java.util.Map<java.lang.String, java.lang.Object>> org.springframework.boot.autoconfigure.web.BasicErrorController.error(javax.servlet.http.HttpServletRequest)
2017-04-18 14:19:08.634  INFO 33948 --- [           main] s.w.s.m.m.a.RequestMappingHandlerMapping : Mapped "{[/error],produces=[text/html]}" onto public org.springframework.web.servlet.ModelAndView org.springframework.boot.autoconfigure.web.BasicErrorController.errorHtml(javax.servlet.http.HttpServletRequest,javax.servlet.http.HttpServletResponse)
2017-04-18 14:19:08.661  INFO 33948 --- [           main] o.s.w.s.handler.SimpleUrlHandlerMapping  : Mapped URL path [/webjars/**] onto handler of type [class org.springframework.web.servlet.resource.ResourceHttpRequestHandler]
2017-04-18 14:19:08.661  INFO 33948 --- [           main] o.s.w.s.handler.SimpleUrlHandlerMapping  : Mapped URL path [/**] onto handler of type [class org.springframework.web.servlet.resource.ResourceHttpRequestHandler]
2017-04-18 14:19:08.699  INFO 33948 --- [           main] o.s.w.s.handler.SimpleUrlHandlerMapping  : Mapped URL path [/**/favicon.ico] onto handler of type [class org.springframework.web.servlet.resource.ResourceHttpRequestHandler]
2017-04-18 14:19:09.015  INFO 33948 --- [           main] o.s.j.e.a.AnnotationMBeanExporter        : Registering beans for JMX exposure on startup
2017-04-18 14:19:09.023  INFO 33948 --- [           main] o.s.c.support.DefaultLifecycleProcessor  : Starting beans in phase 2147483647
2017-04-18 14:19:09.023  INFO 33948 --- [           main] o.s.m.s.b.SimpleBrokerMessageHandler     : Starting...
2017-04-18 14:19:09.023  INFO 33948 --- [           main] o.s.m.s.b.SimpleBrokerMessageHandler     : BrokerAvailabilityEvent[available=true, SimpleBrokerMessageHandler [DefaultSubscriptionRegistry[cache[0 destination(s)], registry[0 sessions]]]]
2017-04-18 14:19:09.024  INFO 33948 --- [           main] o.s.m.s.b.SimpleBrokerMessageHandler     : Started.
2017-04-18 14:19:09.076  INFO 33948 --- [           main] s.b.c.e.t.TomcatEmbeddedServletContainer : Tomcat started on port(s): 8010 (http)
2017-04-18 14:19:09.081  INFO 33948 --- [           main] com.mapia.MapiaApplication               : Started MapiaApplication in 4.186 seconds (JVM running for 4.601)
2017-04-18 14:20:08.357  INFO 33948 --- [MessageBroker-1] o.s.w.s.c.WebSocketMessageBrokerStats    : WebSocketSession[0 current WS(0)-HttpStream(0)-HttpPoll(0), 0 total, 0 closed abnormally (0 connect failure, 0 send limit, 0 transport error)], stompSubProtocol[processed CONNECT(0)-CONNECTED(0)-DISCONNECT(0)], stompBrokerRelay[null], inboundChannel[pool size = 0, active threads = 0, queued tasks = 0, completed tasks = 0], outboundChannelpool size = 0, active threads = 0, queued tasks = 0, completed tasks = 0], sockJsScheduler[pool size = 1, active threads = 1, queued tasks = 0, completed tasks = 0]
